Build started 29/3/2014 12:12:58 AM.
     1>Project "C:\Users\asus\Dropbox\Year 3\Final Year Project\RNG-GP-Koza\RNG-GP-Koza\RNG-GP-Koza.vcxproj" on node 2 (Build target(s)).
     1>ClCompile:
         C:\Program Files (x86)\Microsoft Visual Studio 11.0\VC\bin\CL.exe /c /ZI /nologo /W3 /WX- /Od /Oy- /D WIN32 /D _DEBUG /D _CONSOLE /D _UNICODE /D UNICODE /Gm /EHsc /RTC1 /MTd /GS /fp:precise /Zc:wchar_t /Zc:forScope /Fo"Debug\\" /Fd"Debug\vc110.pdb" /Gd /TP /analyze- /errorReport:prompt "RNG-GP.cpp"
         RNG-GP.cpp
     1>c:\users\asus\dropbox\year 3\final year project\rng-gp-koza\rng-gp-koza\rng-gp.cpp(82): warning C4244: 'initializing' : conversion from 'float' to 'int', possible loss of data
     1>c:\users\asus\dropbox\year 3\final year project\rng-gp-koza\rng-gp-koza\rng-gp.cpp(179): warning C4244: 'argument' : conversion from 'time_t' to 'unsigned int', possible loss of data
     1>c:\users\asus\dropbox\year 3\final year project\rng-gp-koza\rng-gp-koza\rng-gp.cpp(256): warning C4244: 'argument' : conversion from 'double' to 'float', possible loss of data
     1>c:\users\asus\dropbox\year 3\final year project\rng-gp-koza\rng-gp-koza\rng-gp.cpp(539): warning C4244: '=' : conversion from 'double' to 'int', possible loss of data
     1>c:\users\asus\dropbox\year 3\final year project\rng-gp-koza\rng-gp-koza\rng-gp.cpp(661): warning C4244: 'initializing' : conversion from 'double' to 'int', possible loss of data
       ResourceCompile:
         C:\Program Files (x86)\Windows Kits\8.0\bin\x86\rc.exe /D _UNICODE /D UNICODE /l"0x0409" /nologo /fo"Debug\RNG-GP-Koza.res" RNG-GP-Koza.rc 
       Link:
         C:\Program Files (x86)\Microsoft Visual Studio 11.0\VC\bin\link.exe /ERRORREPORT:PROMPT /OUT:"C:\Users\asus\Dropbox\Year 3\Final Year Project\RNG-GP-Koza\Debug\RNG-GP-Koza.exe" /INCREMENTAL /NOLOGO kernel32.lib user32.lib gdi32.lib winspool.lib comdlg32.lib advapi32.lib shell32.lib ole32.lib oleaut32.lib uuid.lib odbc32.lib odbccp32.lib /MANIFEST /MANIFESTUAC:"level='asInvoker' uiAccess='false'" /manifest:embed /DEBUG /PDB:"C:\Users\asus\Dropbox\Year 3\Final Year Project\RNG-GP-Koza\Debug\RNG-GP-Koza.pdb" /SUBSYSTEM:CONSOLE /TLBID:1 /DYNAMICBASE /NXCOMPAT /IMPLIB:"C:\Users\asus\Dropbox\Year 3\Final Year Project\RNG-GP-Koza\Debug\RNG-GP-Koza.lib" /MACHINE:X86 "Debug\RNG-GP-Koza.res"
         "Debug\RNG-GP.obj"
         LINK : C:\Users\asus\Dropbox\Year 3\Final Year Project\RNG-GP-Koza\Debug\RNG-GP-Koza.exe not found or not built by the last incremental link; performing full link
         RNG-GP-Koza.vcxproj -> C:\Users\asus\Dropbox\Year 3\Final Year Project\RNG-GP-Koza\Debug\RNG-GP-Koza.exe
     1>Done Building Project "C:\Users\asus\Dropbox\Year 3\Final Year Project\RNG-GP-Koza\RNG-GP-Koza\RNG-GP-Koza.vcxproj" (Build target(s)).

Build succeeded.

Time Elapsed 00:00:29.45
