C:\USERS\PHIL\DROPBOX\YEAR 3\FINAL YEAR PROJECT\RNG-SNGP\RNG-SNGP\DEBUG\RNG-SNGP.PCH
C:\USERS\PHIL\DROPBOX\YEAR 3\FINAL YEAR PROJECT\RNG-SNGP\RNG-SNGP\DEBUG\STDAFX.OBJ
C:\USERS\PHIL\DROPBOX\YEAR 3\FINAL YEAR PROJECT\RNG-SNGP\RNG-SNGP\DEBUG\VC110.PDB
C:\USERS\PHIL\DROPBOX\YEAR 3\FINAL YEAR PROJECT\RNG-SNGP\RNG-SNGP\DEBUG\RNG-SNGP.OBJ
C:\USERS\PHIL\DROPBOX\YEAR 3\FINAL YEAR PROJECT\RNG-SNGP\DEBUG\RNG-SNGP.ILK
C:\USERS\PHIL\DROPBOX\YEAR 3\FINAL YEAR PROJECT\RNG-SNGP\DEBUG\RNG-SNGP.EXE
C:\USERS\PHIL\DROPBOX\YEAR 3\FINAL YEAR PROJECT\RNG-SNGP\DEBUG\RNG-SNGP.PDB
C:\Users\Phil\Dropbox\Year 3\Final Year Project\RNG-SNGP\RNG-SNGP\Debug\RNG-SNGP.obj
C:\Users\Phil\Dropbox\Year 3\Final Year Project\RNG-SNGP\RNG-SNGP\Debug\stdafx.obj
C:\Users\Phil\Dropbox\Year 3\Final Year Project\RNG-SNGP\RNG-SNGP\Debug\cl.command.1.tlog
C:\Users\Phil\Dropbox\Year 3\Final Year Project\RNG-SNGP\RNG-SNGP\Debug\CL.read.1.tlog
C:\Users\Phil\Dropbox\Year 3\Final Year Project\RNG-SNGP\RNG-SNGP\Debug\CL.write.1.tlog
C:\Users\Phil\Dropbox\Year 3\Final Year Project\RNG-SNGP\RNG-SNGP\Debug\link-cvtres.read.1.tlog
C:\Users\Phil\Dropbox\Year 3\Final Year Project\RNG-SNGP\RNG-SNGP\Debug\link-cvtres.write.1.tlog
C:\Users\Phil\Dropbox\Year 3\Final Year Project\RNG-SNGP\RNG-SNGP\Debug\link-rc.read.1.tlog
C:\Users\Phil\Dropbox\Year 3\Final Year Project\RNG-SNGP\RNG-SNGP\Debug\link-rc.write.1.tlog
C:\Users\Phil\Dropbox\Year 3\Final Year Project\RNG-SNGP\RNG-SNGP\Debug\link.204-cvtres.read.1.tlog
C:\Users\Phil\Dropbox\Year 3\Final Year Project\RNG-SNGP\RNG-SNGP\Debug\link.204-cvtres.write.1.tlog
C:\Users\Phil\Dropbox\Year 3\Final Year Project\RNG-SNGP\RNG-SNGP\Debug\link.204-rc.read.1.tlog
C:\Users\Phil\Dropbox\Year 3\Final Year Project\RNG-SNGP\RNG-SNGP\Debug\link.204-rc.write.1.tlog
C:\Users\Phil\Dropbox\Year 3\Final Year Project\RNG-SNGP\RNG-SNGP\Debug\link.204.read.1.tlog
C:\Users\Phil\Dropbox\Year 3\Final Year Project\RNG-SNGP\RNG-SNGP\Debug\link.204.write.1.tlog
C:\Users\Phil\Dropbox\Year 3\Final Year Project\RNG-SNGP\RNG-SNGP\Debug\link.2980-cvtres.read.1.tlog
C:\Users\Phil\Dropbox\Year 3\Final Year Project\RNG-SNGP\RNG-SNGP\Debug\link.2980-cvtres.write.1.tlog
C:\Users\Phil\Dropbox\Year 3\Final Year Project\RNG-SNGP\RNG-SNGP\Debug\link.2980-rc.read.1.tlog
C:\Users\Phil\Dropbox\Year 3\Final Year Project\RNG-SNGP\RNG-SNGP\Debug\link.2980-rc.write.1.tlog
C:\Users\Phil\Dropbox\Year 3\Final Year Project\RNG-SNGP\RNG-SNGP\Debug\link.2980.read.1.tlog
C:\Users\Phil\Dropbox\Year 3\Final Year Project\RNG-SNGP\RNG-SNGP\Debug\link.2980.write.1.tlog
C:\Users\Phil\Dropbox\Year 3\Final Year Project\RNG-SNGP\RNG-SNGP\Debug\link.3692-cvtres.read.1.tlog
C:\Users\Phil\Dropbox\Year 3\Final Year Project\RNG-SNGP\RNG-SNGP\Debug\link.3692-cvtres.write.1.tlog
C:\Users\Phil\Dropbox\Year 3\Final Year Project\RNG-SNGP\RNG-SNGP\Debug\link.3692-rc.read.1.tlog
C:\Users\Phil\Dropbox\Year 3\Final Year Project\RNG-SNGP\RNG-SNGP\Debug\link.3692-rc.write.1.tlog
C:\Users\Phil\Dropbox\Year 3\Final Year Project\RNG-SNGP\RNG-SNGP\Debug\link.3692.read.1.tlog
C:\Users\Phil\Dropbox\Year 3\Final Year Project\RNG-SNGP\RNG-SNGP\Debug\link.3692.write.1.tlog
C:\Users\Phil\Dropbox\Year 3\Final Year Project\RNG-SNGP\RNG-SNGP\Debug\link.4016-cvtres.read.1.tlog
C:\Users\Phil\Dropbox\Year 3\Final Year Project\RNG-SNGP\RNG-SNGP\Debug\link.4016-cvtres.write.1.tlog
C:\Users\Phil\Dropbox\Year 3\Final Year Project\RNG-SNGP\RNG-SNGP\Debug\link.4016-rc.read.1.tlog
C:\Users\Phil\Dropbox\Year 3\Final Year Project\RNG-SNGP\RNG-SNGP\Debug\link.4016-rc.write.1.tlog
C:\Users\Phil\Dropbox\Year 3\Final Year Project\RNG-SNGP\RNG-SNGP\Debug\link.4016.read.1.tlog
C:\Users\Phil\Dropbox\Year 3\Final Year Project\RNG-SNGP\RNG-SNGP\Debug\link.4016.write.1.tlog
C:\Users\Phil\Dropbox\Year 3\Final Year Project\RNG-SNGP\RNG-SNGP\Debug\link.404-cvtres.read.1.tlog
C:\Users\Phil\Dropbox\Year 3\Final Year Project\RNG-SNGP\RNG-SNGP\Debug\link.404-cvtres.write.1.tlog
C:\Users\Phil\Dropbox\Year 3\Final Year Project\RNG-SNGP\RNG-SNGP\Debug\link.404-rc.read.1.tlog
C:\Users\Phil\Dropbox\Year 3\Final Year Project\RNG-SNGP\RNG-SNGP\Debug\link.404-rc.write.1.tlog
C:\Users\Phil\Dropbox\Year 3\Final Year Project\RNG-SNGP\RNG-SNGP\Debug\link.404.read.1.tlog
C:\Users\Phil\Dropbox\Year 3\Final Year Project\RNG-SNGP\RNG-SNGP\Debug\link.404.write.1.tlog
C:\Users\Phil\Dropbox\Year 3\Final Year Project\RNG-SNGP\RNG-SNGP\Debug\link.4328-cvtres.read.1.tlog
C:\Users\Phil\Dropbox\Year 3\Final Year Project\RNG-SNGP\RNG-SNGP\Debug\link.4328-cvtres.write.1.tlog
C:\Users\Phil\Dropbox\Year 3\Final Year Project\RNG-SNGP\RNG-SNGP\Debug\link.4328-rc.read.1.tlog
C:\Users\Phil\Dropbox\Year 3\Final Year Project\RNG-SNGP\RNG-SNGP\Debug\link.4328-rc.write.1.tlog
C:\Users\Phil\Dropbox\Year 3\Final Year Project\RNG-SNGP\RNG-SNGP\Debug\link.4328.read.1.tlog
C:\Users\Phil\Dropbox\Year 3\Final Year Project\RNG-SNGP\RNG-SNGP\Debug\link.4328.write.1.tlog
C:\Users\Phil\Dropbox\Year 3\Final Year Project\RNG-SNGP\RNG-SNGP\Debug\link.4668-cvtres.read.1.tlog
C:\Users\Phil\Dropbox\Year 3\Final Year Project\RNG-SNGP\RNG-SNGP\Debug\link.4668-cvtres.write.1.tlog
C:\Users\Phil\Dropbox\Year 3\Final Year Project\RNG-SNGP\RNG-SNGP\Debug\link.4668-rc.read.1.tlog
C:\Users\Phil\Dropbox\Year 3\Final Year Project\RNG-SNGP\RNG-SNGP\Debug\link.4668-rc.write.1.tlog
C:\Users\Phil\Dropbox\Year 3\Final Year Project\RNG-SNGP\RNG-SNGP\Debug\link.4668.read.1.tlog
C:\Users\Phil\Dropbox\Year 3\Final Year Project\RNG-SNGP\RNG-SNGP\Debug\link.4668.write.1.tlog
C:\Users\Phil\Dropbox\Year 3\Final Year Project\RNG-SNGP\RNG-SNGP\Debug\link.4684-cvtres.read.1.tlog
C:\Users\Phil\Dropbox\Year 3\Final Year Project\RNG-SNGP\RNG-SNGP\Debug\link.4684-cvtres.write.1.tlog
C:\Users\Phil\Dropbox\Year 3\Final Year Project\RNG-SNGP\RNG-SNGP\Debug\link.4684-rc.read.1.tlog
C:\Users\Phil\Dropbox\Year 3\Final Year Project\RNG-SNGP\RNG-SNGP\Debug\link.4684-rc.write.1.tlog
C:\Users\Phil\Dropbox\Year 3\Final Year Project\RNG-SNGP\RNG-SNGP\Debug\link.4684.read.1.tlog
C:\Users\Phil\Dropbox\Year 3\Final Year Project\RNG-SNGP\RNG-SNGP\Debug\link.4684.write.1.tlog
C:\Users\Phil\Dropbox\Year 3\Final Year Project\RNG-SNGP\RNG-SNGP\Debug\link.4752-cvtres.read.1.tlog
C:\Users\Phil\Dropbox\Year 3\Final Year Project\RNG-SNGP\RNG-SNGP\Debug\link.4752-cvtres.write.1.tlog
C:\Users\Phil\Dropbox\Year 3\Final Year Project\RNG-SNGP\RNG-SNGP\Debug\link.4752-rc.read.1.tlog
C:\Users\Phil\Dropbox\Year 3\Final Year Project\RNG-SNGP\RNG-SNGP\Debug\link.4752-rc.write.1.tlog
C:\Users\Phil\Dropbox\Year 3\Final Year Project\RNG-SNGP\RNG-SNGP\Debug\link.4752.read.1.tlog
C:\Users\Phil\Dropbox\Year 3\Final Year Project\RNG-SNGP\RNG-SNGP\Debug\link.4752.write.1.tlog
C:\Users\Phil\Dropbox\Year 3\Final Year Project\RNG-SNGP\RNG-SNGP\Debug\link.5516-cvtres.read.1.tlog
C:\Users\Phil\Dropbox\Year 3\Final Year Project\RNG-SNGP\RNG-SNGP\Debug\link.5516-cvtres.write.1.tlog
C:\Users\Phil\Dropbox\Year 3\Final Year Project\RNG-SNGP\RNG-SNGP\Debug\link.5516-rc.read.1.tlog
C:\Users\Phil\Dropbox\Year 3\Final Year Project\RNG-SNGP\RNG-SNGP\Debug\link.5516-rc.write.1.tlog
C:\Users\Phil\Dropbox\Year 3\Final Year Project\RNG-SNGP\RNG-SNGP\Debug\link.5516.read.1.tlog
C:\Users\Phil\Dropbox\Year 3\Final Year Project\RNG-SNGP\RNG-SNGP\Debug\link.5516.write.1.tlog
C:\Users\Phil\Dropbox\Year 3\Final Year Project\RNG-SNGP\RNG-SNGP\Debug\link.6068-cvtres.read.1.tlog
C:\Users\Phil\Dropbox\Year 3\Final Year Project\RNG-SNGP\RNG-SNGP\Debug\link.6068-cvtres.write.1.tlog
C:\Users\Phil\Dropbox\Year 3\Final Year Project\RNG-SNGP\RNG-SNGP\Debug\link.6068-rc.read.1.tlog
C:\Users\Phil\Dropbox\Year 3\Final Year Project\RNG-SNGP\RNG-SNGP\Debug\link.6068-rc.write.1.tlog
C:\Users\Phil\Dropbox\Year 3\Final Year Project\RNG-SNGP\RNG-SNGP\Debug\link.6068.read.1.tlog
C:\Users\Phil\Dropbox\Year 3\Final Year Project\RNG-SNGP\RNG-SNGP\Debug\link.6068.write.1.tlog
C:\Users\Phil\Dropbox\Year 3\Final Year Project\RNG-SNGP\RNG-SNGP\Debug\link.command.1.tlog
C:\Users\Phil\Dropbox\Year 3\Final Year Project\RNG-SNGP\RNG-SNGP\Debug\link.read.1.tlog
C:\Users\Phil\Dropbox\Year 3\Final Year Project\RNG-SNGP\RNG-SNGP\Debug\link.write.1.tlog
C:\Users\Phil\Dropbox\Year 3\Final Year Project\RNG-SNGP\RNG-SNGP\Debug\RNG-SNGP.pch
C:\Users\Phil\Dropbox\Year 3\Final Year Project\RNG-SNGP\RNG-SNGP\Debug\vc110.idb
C:\Users\Phil\Dropbox\Year 3\Final Year Project\RNG-SNGP\RNG-SNGP\Debug\vc110.pdb
C:\Users\Phil\Dropbox\Year 3\Final Year Project\RNG-SNGP\Debug\RNG-SNGP.pdb
C:\Users\Phil\Dropbox\Year 3\Final Year Project\RNG-SNGP\Debug\RNG-SNGP.exe
C:\Users\Phil\Dropbox\Year 3\Final Year Project\RNG-SNGP\Debug\RNG-SNGP.ilk
