Build started 29/3/2014 12:14:11 AM.
     1>Project "C:\Users\asus\Dropbox\Year 3\Final Year Project\RNG-SNGP\RNG-SNGP\RNG-SNGP.vcxproj" on node 2 (Build target(s)).
     1>ClCompile:
         C:\Program Files (x86)\Microsoft Visual Studio 11.0\VC\bin\CL.exe /c /ZI /nologo /W3 /WX- /Od /Oy- /D WIN32 /D _DEBUG /D _CONSOLE /D _UNICODE /D UNICODE /Gm /EHsc /RTC1 /MTd /GS /fp:precise /Zc:wchar_t /Zc:forScope /Fo"Debug\\" /Fd"Debug\vc110.pdb" /Gd /TP /analyze- /errorReport:prompt "RNG-SNGP.cpp"
         RNG-SNGP.cpp
     1>c:\users\asus\dropbox\year 3\final year project\rng-sngp\rng-sngp\rng-sngp.cpp(170): warning C4244: 'argument' : conversion from 'time_t' to 'unsigned int', possible loss of data
     1>c:\users\asus\dropbox\year 3\final year project\rng-sngp\rng-sngp\rng-sngp.cpp(262): warning C4244: 'argument' : conversion from 'double' to 'float', possible loss of data
     1>c:\users\asus\dropbox\year 3\final year project\rng-sngp\rng-sngp\rng-sngp.cpp(264): warning C4244: 'argument' : conversion from 'double' to 'float', possible loss of data
     1>c:\users\asus\dropbox\year 3\final year project\rng-sngp\rng-sngp\rng-sngp.cpp(273): warning C4244: 'argument' : conversion from 'double' to 'float', possible loss of data
     1>c:\users\asus\dropbox\year 3\final year project\rng-sngp\rng-sngp\rng-sngp.cpp(378): warning C4244: 'initializing' : conversion from 'float' to 'int', possible loss of data
     1>c:\users\asus\dropbox\year 3\final year project\rng-sngp\rng-sngp\rng-sngp.cpp(398): warning C4101: 'depth' : unreferenced local variable
     1>c:\users\asus\dropbox\year 3\final year project\rng-sngp\rng-sngp\rng-sngp.cpp(696): warning C4244: 'initializing' : conversion from 'double' to 'int', possible loss of data
     1>c:\users\asus\dropbox\year 3\final year project\rng-sngp\rng-sngp\rng-sngp.cpp(758): warning C4244: '=' : conversion from 'double' to 'int', possible loss of data
       Link:
         C:\Program Files (x86)\Microsoft Visual Studio 11.0\VC\bin\link.exe /ERRORREPORT:PROMPT /OUT:"C:\Users\asus\Dropbox\Year 3\Final Year Project\RNG-SNGP\Debug\RNG-SNGP.exe" /INCREMENTAL /NOLOGO kernel32.lib user32.lib gdi32.lib winspool.lib comdlg32.lib advapi32.lib shell32.lib ole32.lib oleaut32.lib uuid.lib odbc32.lib odbccp32.lib /MANIFEST /MANIFESTUAC:"level='asInvoker' uiAccess='false'" /manifest:embed /DEBUG /PDB:"C:\Users\asus\Dropbox\Year 3\Final Year Project\RNG-SNGP\Debug\RNG-SNGP.pdb" /SUBSYSTEM:CONSOLE /TLBID:1 /DYNAMICBASE /NXCOMPAT /IMPLIB:"C:\Users\asus\Dropbox\Year 3\Final Year Project\RNG-SNGP\Debug\RNG-SNGP.lib" /MACHINE:X86 "Debug\RNG-SNGP.obj"
         LINK : C:\Users\asus\Dropbox\Year 3\Final Year Project\RNG-SNGP\Debug\RNG-SNGP.exe not found or not built by the last incremental link; performing full link
         RNG-SNGP.vcxproj -> C:\Users\asus\Dropbox\Year 3\Final Year Project\RNG-SNGP\Debug\RNG-SNGP.exe
     1>Done Building Project "C:\Users\asus\Dropbox\Year 3\Final Year Project\RNG-SNGP\RNG-SNGP\RNG-SNGP.vcxproj" (Build target(s)).

Build succeeded.

Time Elapsed 00:00:09.33
